2026-02-09 20:23:55,043 - bot.exchange - WARNING - PUBLIC_ONLY=true: ignoring provided API keys; using public endpoints only
2026-02-09 20:23:55,044 - bot.exchange - INFO - Initialized binance exchange (public-only=True, sandbox=False)
2026-02-09 20:23:55,044 - bot.db - INFO - Database initialized at /mnt/usb/projects/tradebot_stage_a/tradebot/db/marketdata.sqlite
2026-02-09 20:23:55,044 - __main__ - INFO - ============================================================
2026-02-09 20:23:55,045 - __main__ - INFO - Tradebot Stage B Trader (paper first, guarded live)
2026-02-09 20:23:55,045 - __main__ - INFO - ============================================================
2026-02-09 20:24:08,055 - __main__ - INFO - Received signal 2, shutting down gracefully...
2026-02-09 20:25:41,415 - __main__ - INFO - Received signal 2, shutting down gracefully...
2026-02-09 20:26:06,182 - __main__ - INFO - Received signal 2, shutting down gracefully...
2026-02-09 20:26:40,956 - bot.exchange - WARNING - PUBLIC_ONLY=true: ignoring provided API keys; using public endpoints only
2026-02-09 20:26:40,956 - bot.exchange - INFO - Initialized binance exchange (public-only=True, sandbox=False)
2026-02-09 20:26:40,956 - bot.db - INFO - Database initialized at /mnt/usb/projects/tradebot_stage_a/tradebot/db/marketdata.sqlite
2026-02-09 20:26:40,957 - __main__ - INFO - ============================================================
2026-02-09 20:26:40,957 - __main__ - INFO - Tradebot Stage B Trader (paper first, guarded live)
2026-02-09 20:26:40,957 - __main__ - INFO - ============================================================
2026-02-09 20:27:24,106 - __main__ - INFO - [TRADER] symbol=BTC/USDT status=available
2026-02-09 20:27:24,109 - bot.db - INFO - Database tables created/verified
2026-02-09 20:27:24,109 - __main__ - INFO - ============================================================
2026-02-09 20:27:24,109 - __main__ - INFO - Trader Starting
2026-02-09 20:27:24,109 - __main__ - INFO - Exchange: binance
2026-02-09 20:27:24,110 - __main__ - INFO - Mode: paper (public_only=True enable_live=False)
2026-02-09 20:27:24,110 - __main__ - INFO - Symbols: BTC/USDT
2026-02-09 20:27:24,110 - __main__ - INFO - Timeframe: 7m
2026-02-09 20:27:24,110 - __main__ - INFO - Order type: market
2026-02-09 20:27:24,110 - __main__ - INFO - Fixed quote amount: 10.0
2026-02-09 20:27:24,110 - __main__ - INFO - SMA fast/slow: 10/30
2026-02-09 20:27:24,111 - __main__ - INFO - Interval: 360s
2026-02-09 20:27:24,111 - __main__ - INFO - ============================================================
2026-02-09 20:27:24,112 - __main__ - INFO - [SIGNAL] symbol=BTC/USDT tf=7m close=70167.990000 fast=70494.122000 slow=69883.634333 should_long=1
2026-02-09 20:27:24,114 - bot.paper - INFO - [PAPER] symbol=BTC/USDT side=buy quote=10.00 price=70167.990000 base=0.00014252 fee=0.010000 pos_base=0.00014252
2026-02-09 20:33:24,113 - __main__ - INFO - [SIGNAL] symbol=BTC/USDT tf=7m close=70329.820000 fast=70525.122000 slow=69908.749667 should_long=1
2026-02-09 20:33:24,113 - __main__ - INFO - [TRADER] symbol=BTC/USDT action=none want_long=1 is_long=1
2026-02-09 20:39:24,113 - __main__ - INFO - [SIGNAL] symbol=BTC/USDT tf=7m close=70412.220000 fast=70571.217000 slow=69942.475333 should_long=1
2026-02-09 20:39:24,114 - __main__ - INFO - [TRADER] symbol=BTC/USDT action=none want_long=1 is_long=1
